 
****************************************
Report : area
Design : system
Version: O-2018.06-SP1
Date   : Tue Aug 26 08:01:04 2025
****************************************

Library(s) Used:

    saed90nm_max (File: /home/ICer/Downloads/Lib/synopsys/models/saed90nm_max.db)

Number of ports:                          368
Number of nets:                          3091
Number of cells:                         2744
Number of combinational cells:           2639
Number of sequential cells:                81
Number of macros/black boxes:               0
Number of buf/inv:                       2276
Number of references:                       7

Combinational area:              30961.152253
Buf/Inv area:                    27341.107447
Noncombinational area:            2550.988853
Macro/Black Box area:                0.000000
Net Interconnect area:             563.924867

Total cell area:                 33512.141107
Total area:                      34076.065973
1
