Loading db file '/home/ICer/Downloads/Lib/synopsys/models/saed90nm_max.db'
Information: Propagating switching activity (low effort zero delay simulation). (PWR-6)
Warning: Design has unannotated primary inputs. (PWR-414)
Warning: Design has unannotated sequential cell outputs. (PWR-415)
 
****************************************
Report : power
        -analysis_effort low
Design : system
Version: O-2018.06-SP1
Date   : Tue Aug 26 08:01:05 2025
****************************************


Library(s) Used:

    saed90nm_max (File: /home/ICer/Downloads/Lib/synopsys/models/saed90nm_max.db)


Operating Conditions: WORST   Library: saed90nm_max
Wire Load Model Mode: enclosed

Design        Wire Load Model            Library
------------------------------------------------
system                 8000              saed90nm_max
mux2to1_1              ForQA             saed90nm_max
mux2to1_0              ForQA             saed90nm_max
transmitter            8000              saed90nm_max
receiver               8000              saed90nm_max
serializer             8000              saed90nm_max
encoder                8000              saed90nm_max
decoder                8000              saed90nm_max
deserializer           8000              saed90nm_max
dff_enc_0              ForQA             saed90nm_max
dff_enc_WIDTH8         8000              saed90nm_max
dff_enc_WIDTH10        8000              saed90nm_max
enc_3b                 8000              saed90nm_max
enc_5b                 8000              saed90nm_max
control_enc            8000              saed90nm_max
dff_width10            8000              saed90nm_max
dff_width1_0           ForQA             saed90nm_max
dec4b                  8000              saed90nm_max
dec6b                  8000              saed90nm_max
dff_width8             8000              saed90nm_max
control                8000              saed90nm_max
mux2to1_2              ForQA             saed90nm_max
dff_enc_1              ForQA             saed90nm_max
dff_enc_2              ForQA             saed90nm_max
dff_width1_1           ForQA             saed90nm_max


Global Operating Voltage = 0.7  
Power-specific unit information :
    Voltage Units = 1V
    Capacitance Units = 1.000000ff
    Time Units = 1ns
    Dynamic Power Units = 1uW    (derived from V,C,T units)
    Leakage Power Units = 1pW


  Cell Internal Power  =  19.2513 uW   (90%)
  Net Switching Power  =   2.0708 uW   (10%)
                         ---------
Total Dynamic Power    =  21.3220 uW  (100%)

Cell Leakage Power     = 101.9581 uW


                 Internal         Switching           Leakage            Total
Power Group      Power            Power               Power              Power   (   %    )  Attrs
--------------------------------------------------------------------------------------------------
io_pad             0.0000            0.0000            0.0000            0.0000  (   0.00%)
memory             0.0000            0.0000            0.0000            0.0000  (   0.00%)
black_box          0.0000            0.0000            0.0000            0.0000  (   0.00%)
clock_network      0.2151            0.3548        1.4293e+05            0.7128  (   0.58%)
register       -1.0969e-02        4.1594e-02        7.4311e+06            7.4617 (   6.05%)
sequential         0.0000            0.0000            0.0000            0.0000  (   0.00%)
combinational     19.0472            1.6744        9.4384e+07          115.1056  (  93.37%)
--------------------------------------------------------------------------------------------------
Total             19.2513 uW         2.0708 uW     1.0196e+08 pW       123.2802 uW
1
