****************************************
Report : port
Module : system
Mode   : default
Corner : default
Scenario: default
Version: O-2018.06-SP1
Date   : Tue Aug 26 08:12:39 2025
****************************************
                      Pin Cap                    Wire Cap
                   Min          Max           Min          Max
Port      Dir    rise/fall    rise/fall     rise/fall    rise/fall    Attributes
--------------------------------------------------------------------------------
data_in_8b[0]
          in     0.00/0.00    0.00/0.00     0.00/0.00    0.00/0.00
data_in_8b[1]
          in     0.00/0.00    0.00/0.00     0.00/0.00    0.00/0.00
data_in_8b[2]
          in     0.00/0.00    0.00/0.00     0.00/0.00    0.00/0.00
data_in_8b[3]
          in     0.00/0.00    0.00/0.00     0.00/0.00    0.00/0.00
data_in_8b[4]
          in     0.00/0.00    0.00/0.00     0.00/0.00    0.00/0.00
data_in_8b[5]
          in     0.00/0.00    0.00/0.00     0.00/0.00    0.00/0.00
data_in_8b[6]
          in     0.00/0.00    0.00/0.00     0.00/0.00    0.00/0.00
data_in_8b[7]
          in     0.00/0.00    0.00/0.00     0.00/0.00    0.00/0.00
fun_pclk  in     0.00/0.00    0.00/0.00     0.00/0.00    0.00/0.00
fun_rst_n in     0.00/0.00    0.00/0.00     0.00/0.00    0.00/0.00
fun_sclk  in     0.00/0.00    0.00/0.00     0.00/0.00    0.00/0.00
kin       in     0.00/0.00    0.00/0.00     0.00/0.00    0.00/0.00
scan_clk  in     0.00/0.00    0.00/0.00     0.00/0.00    0.00/0.00
scan_en   in     0.00/0.00    0.00/0.00     0.00/0.00    0.00/0.00
scan_in_1 in     0.00/0.00    0.00/0.00     0.00/0.00    0.00/0.00
scan_in_2 in     0.00/0.00    0.00/0.00     0.00/0.00    0.00/0.00
scan_in_3 in     0.00/0.00    0.00/0.00     0.00/0.00    0.00/0.00
scan_in_4 in     0.00/0.00    0.00/0.00     0.00/0.00    0.00/0.00
scan_in_5 in     0.00/0.00    0.00/0.00     0.00/0.00    0.00/0.00
scan_rst  in     0.00/0.00    0.00/0.00     0.00/0.00    0.00/0.00
test_mode in     0.00/0.00    0.00/0.00     0.00/0.00    0.00/0.00
1
