****************************************
Report : net
Design : system
Version: O-2018.06-SP1
Date   : Tue Aug 26 08:12:39 2025
****************************************

Attributes
    d - user dont_touch
    D - derived dont_touch


Net                 Fanout    Fanin   Pins         Attributes
--------------------------------------------------------------------------------
code_err                 2        1      3         
data_in_8b[0]            1        1      2         
data_in_8b[1]            1        1      2         
data_in_8b[2]            1        1      2         
data_in_8b[3]            1        1      2         
data_in_8b[4]            1        1      2         
data_in_8b[5]            1        1      2         
data_in_8b[6]            1        1      2         
data_in_8b[7]            1        1      2         
data_out_s               3        1      4         
disp_err                 2        1      3         
fun_pclk                 1        1      2         
fun_rst_n                1        1      2         
fun_sclk                 1        1      2         
k_err                    2        1      3         
kin                      1        1      2         
kout                     2        1      3         
n1                       1        1      2         
n12                      2        1      3         
n13                      1        1      2         
n14                      1        1      2         
n15                      2        1      3         
n16                      1        1      2         
n17                      1        1      2         
n18                      1        1      2         
n19                      1        1      2         
n2                       1        1      2         
n23                      2        1      3         
n28                      1        1      2         
n30                      1        1      2         
n32                      1        1      2         
n34                      1        1      2         
pclk                    59        1     60         
pdata[0]                 2        1      3         
pdata[1]                 2        1      3         
pdata[2]                 2        1      3         
pdata[3]                 2        1      3         
pdata[4]                 2        1      3         
pdata[5]                 2        1      3         
pdata[6]                 2        1      3         
pdata[7]                 2        1      3         
rdispout                 2        1      3         
rdispout_trans           2        1      3         
reset_n                  2        1      3         
scan_clk                 1        1      2         
scan_en                 78        1     79         
scan_in_1                1        1      2         
scan_in_2                1        1      2         
scan_in_3                1        1      2         
scan_in_4                1        1      2         
scan_in_5                1        1      2         
scan_out_1               1        1      2         
scan_out_2               1        1      2         
scan_out_3               1        1      2         
scan_out_4               2        1      3         
scan_out_5               1        1      2         
scan_rst                 1        1      2         
sclk                    19        1     20         
test_mode                2        1      3         

Attributes
    d - user dont_touch
    D - derived dont_touch

--------------------------------------------------------------------------------
Total 59 nets          234       59    293
Maximum                 78        1     79
Average               3.97     1.00   4.97
1
