****************************************
Report : port
Module : system
Mode   : default
Corner : default
Scenario: default
Version: O-2018.06-SP1
Date   : Tue Aug 26 08:12:39 2025
****************************************
                      Pin Cap                    Wire Cap
                   Min          Max           Min          Max
Port      Dir    rise/fall    rise/fall     rise/fall    rise/fall    Attributes
--------------------------------------------------------------------------------
code_err  out    4.00/4.00    4.00/4.00     0.00/0.00    0.00/0.00
disp_err  out    4.00/4.00    4.00/4.00     0.00/0.00    0.00/0.00
k_err     out    4.00/4.00    4.00/4.00     0.00/0.00    0.00/0.00
kout      out    4.00/4.00    4.00/4.00     0.00/0.00    0.00/0.00
pdata[0]  out    4.00/4.00    4.00/4.00     0.00/0.00    0.00/0.00
pdata[1]  out    4.00/4.00    4.00/4.00     0.00/0.00    0.00/0.00
pdata[2]  out    4.00/4.00    4.00/4.00     0.00/0.00    0.00/0.00
pdata[3]  out    4.00/4.00    4.00/4.00     0.00/0.00    0.00/0.00
pdata[4]  out    4.00/4.00    4.00/4.00     0.00/0.00    0.00/0.00
pdata[5]  out    4.00/4.00    4.00/4.00     0.00/0.00    0.00/0.00
pdata[6]  out    4.00/4.00    4.00/4.00     0.00/0.00    0.00/0.00
pdata[7]  out    4.00/4.00    4.00/4.00     0.00/0.00    0.00/0.00
rdispout  out    4.00/4.00    4.00/4.00     0.00/0.00    0.00/0.00
scan_out_1
          out    0.00/0.00    0.00/0.00     0.00/0.00    0.00/0.00
scan_out_2
          out    0.00/0.00    0.00/0.00     0.00/0.00    0.00/0.00
scan_out_3
          out    0.00/0.00    0.00/0.00     0.00/0.00    0.00/0.00
scan_out_4
          out    0.00/0.00    0.00/0.00     0.00/0.00    0.00/0.00
scan_out_5
          out    0.00/0.00    0.00/0.00     0.00/0.00    0.00/0.00
1
