Warning: Ignore contact DIFFCON. (ZRT-015)
Turn off antenna since no rule is specified
Cell Min-Routing-Layer = M1
Cell Max-Routing-Layer = M8
Warning: Ignore 2 top cell ports with no pins. (ZRT-027)
Info: number of net_type_blockage: 0 
Warning: Contact VIA89's lower layer enclosure width does not satisfy end of line enclosure design rule. (ZRT-042)
Warning: Contact VIA89's upper layer enclosure width does not satisfy end of line enclosure design rule. (ZRT-042)
Warning: Contact VIA89's lower layer enclosure height does not satisfy end of line enclosure design rule. (ZRT-042)
Warning: Contact VIA89's upper layer enclosure height does not satisfy end of line enclosure design rule. (ZRT-042)
Warning: Contact VIA89C's lower layer enclosure height does not satisfy end of line enclosure design rule. (ZRT-042)
Warning: Contact VIA89C's upper layer enclosure width does not satisfy end of line enclosure design rule. (ZRT-042)
Warning: Contact VIA89C's lower layer enclosure width does not satisfy end of line enclosure design rule. (ZRT-042)
Warning: Contact VIA89C's upper layer enclosure height does not satisfy end of line enclosure design rule. (ZRT-042)
Via on layer (VIA1) needs more than one tracks
Warning: Layer M1 pitch 0.320 may be too small: wire/via-down 0.315, wire/via-up 0.330. (ZRT-026)
Via on layer (VIA1) needs more than one tracks
Warning: Layer M2 pitch 0.320 may be too small: wire/via-down 0.360, wire/via-up 0.320. (ZRT-026)


Start checking for open nets ... 

Total number of nets = 1246, of which 0 are not extracted
Total number of open nets = 0, of which 0 are frozen

Check 1246 nets, 0 have Errors

[CHECK OPEN NETS] Elapsed real time: 0:00:00 
[CHECK OPEN NETS] Elapsed cpu  time: sys=0:00:00 usr=0:00:00 total=0:00:00
[CHECK OPEN NETS] Stage (MB): Used    0  Alloctr    0  Proc    0 
[CHECK OPEN NETS] Total (MB): Used   71  Alloctr   72  Proc 1699 
Printing options for 'route.common.*'
common.verbose_level                                    :	 0                   

Printing options for 'route.detail.*'
detail.antenna                                          :	 true                
detail.force_end_on_preferred_grid                      :	 true                

Printing options for 'route.auto_via_ladder.*'


Begin full DRC check ...

Information: Using 1 threads for routing. (ZRT-444)
Checked	1/4 Partitions, Violations =	0
Checked	2/4 Partitions, Violations =	0
Checked	3/4 Partitions, Violations =	0
Checked	4/4 Partitions, Violations =	0
[DRC CHECK] Elapsed real time: 0:00:00 
[DRC CHECK] Elapsed cpu  time: sys=0:00:00 usr=0:00:00 total=0:00:00
[DRC CHECK] Stage (MB): Used    0  Alloctr    0  Proc   28 
[DRC CHECK] Total (MB): Used   86  Alloctr   86  Proc 1727 
Warning: No antenna rules defined, Skip antenna analysis. (ZRT-309)

DRC-SUMMARY:
	@@@@@@@ TOTAL VIOLATIONS =	0


Total Wire Length =                    28842 micron
Total Number of Contacts =             6603
Total Number of Wires =                6267
Total Number of PtConns =              536
Total Number of Routed Wires =       6267
Total Routed Wire Length =           28728 micron
Total Number of Routed Contacts =       6603
	Layer          M1 :       1105 micron
	Layer          M2 :      13268 micron
	Layer          M3 :      11033 micron
	Layer          M4 :       2780 micron
	Layer          M5 :        656 micron
	Layer          M6 :          0 micron
	Layer          M7 :          0 micron
	Layer          M8 :          0 micron
	Layer          M9 :          0 micron
	Via        VIA45C :         34
	Via        VIA34C :          6
	Via   VIA34C(rot) :        277
	Via        VIA23C :       2880
	Via        VIA12C :          2
	Via   VIA12C(rot) :       2933
	Via        VIA12B :         31
	Via   VIA12B(rot) :        440

 
Redundant via conversion report:
--------------------------------

  Total optimized via conversion rate =  0.00% (0 / 6603 vias)
 
    Layer VIA1       =  0.00% (0      / 3406    vias)
        Un-optimized =  0.00% (0       vias)
        Un-mapped    = 100.00% (3406    vias)
    Layer VIA2       =  0.00% (0      / 2880    vias)
        Un-optimized =  0.00% (0       vias)
        Un-mapped    = 100.00% (2880    vias)
    Layer VIA3       =  0.00% (0      / 283     vias)
        Un-optimized =  0.00% (0       vias)
        Un-mapped    = 100.00% (283     vias)
    Layer VIA4       =  0.00% (0      / 34      vias)
        Un-optimized =  0.00% (0       vias)
        Un-mapped    = 100.00% (34      vias)
 
  Total double via conversion rate    =  0.00% (0 / 6603 vias)
 
    Layer VIA1       =  0.00% (0      / 3406    vias)
    Layer VIA2       =  0.00% (0      / 2880    vias)
    Layer VIA3       =  0.00% (0      / 283     vias)
    Layer VIA4       =  0.00% (0      / 34      vias)
 
  The optimized via conversion rate based on total routed via count =  0.00% (0 / 6603 vias)
 
    Layer VIA1       =  0.00% (0      / 3406    vias)
        Un-optimized =  0.00% (0       vias)
        Un-mapped    = 100.00% (3406    vias)
    Layer VIA2       =  0.00% (0      / 2880    vias)
        Un-optimized =  0.00% (0       vias)
        Un-mapped    = 100.00% (2880    vias)
    Layer VIA3       =  0.00% (0      / 283     vias)
        Un-optimized =  0.00% (0       vias)
        Un-mapped    = 100.00% (283     vias)
    Layer VIA4       =  0.00% (0      / 34      vias)
        Un-optimized =  0.00% (0       vias)
        Un-mapped    = 100.00% (34      vias)
 


Verify Summary:

Total number of nets = 1246, of which 0 are not extracted
Total number of open nets = 0, of which 0 are frozen
Total number of excluded ports = 0 ports of 0 unplaced cells connected to 0 nets
                                 0 ports without pins of 0 cells connected to 0 nets
                                 0 ports of 0 cover cells connected to 0 non-pg nets
Total number of DRCs = 0
Total number of antenna violations = no antenna rules defined
Total number of tie to rail violations = not checked
Total number of tie to rail directly violations = not checked


